<?xml version="1.0" encoding="UTF-8"?>
<testsuite name="com.tactfactory.nikoniko.InsertsTest" tests="1" skipped="0" failures="0" errors="0" timestamp="2017-03-03T13:11:12" hostname="PC-PF0CSFKY" time="0.652">
  <properties/>
  <testcase name="test" classname="com.tactfactory.nikoniko.InsertsTest" time="0.652"/>
  <system-out><![CDATA[]]></system-out>
  <system-err><![CDATA[]]></system-err>
</testsuite>
